<?xml version="1.0" encoding="UTF-8"?>
<!-- Generated by org.testng.reporters.JUnitXMLReporter -->
<testsuite ignored="0" hostname="DESKTOP-3BKRARD" failures="0" tests="2" name="Error Validations Test" time="12.92" errors="0" timestamp="12 May 2023 11:18:58 GMT">
  <testcase classname="rahulshettyacademy.tests.ErrorValidationsTest" name="LoginErrorValidation" time="0.835"/>
  <testcase classname="rahulshettyacademy.tests.ErrorValidationsTest" name="ProductErrorValidation" time="3.199"/>
</testsuite> <!-- Error Validations Test -->
